<?xml version="1.0" encoding="UTF-8" ?>
<testsuite tests="5" failures="1" name="com.ecommerce.quickart.test.SupplierTestCase" time="1.304" errors="2" skipped="0">
  <properties>
[...]
</properties>
  <testcase classname="com.ecommerce.quickart.test.SupplierTestCase" name="updateCategoryTestCase" time="0.224"/>
  <testcase classname="com.ecommerce.quickart.test.SupplierTestCase" name="deleteSupplierTestCase" time="0.244">
    <error message="could not execute statement; SQL [n/a]; constraint [&quot;FK3XUERUFK83LLF0QPEE8TXNBUU: PUBLIC.PRODUCT FOREIGN KEY(SUPPLIERID) REFERENCES PUBLIC.SUPPLIER(SUPPLIERID) (303)&quot;; SQL statement:
delete from SUPPLIER where supplierId=? [23503-191]]; nested exception is org.hibernate.exception.ConstraintViolationException: could not execute statement" type="org.springframework.dao.DataIntegrityViolationException">org.springframework.dao.DataIntegrityViolationException: could not execute statement; SQL [n/a]; constraint [&quot;FK3XUERUFK83LLF0QPEE8TXNBUU: PUBLIC.PRODUCT FOREIGN KEY(SUPPLIERID) REFERENCES PUBLIC.SUPPLIER(SUPPLIERID) (303)&quot;; SQL statement:
delete from SUPPLIER where supplierId=? [23503-191]]; nested exception is org.hibernate.exception.ConstraintViolationException: could not execute statement
	at org.springframework.orm.hibernate5.SessionFactoryUtils.convertHibernateAccessException(SessionFactoryUtils.java:241)
	at org.springframework.orm.hibernate5.HibernateTransactionManager.convertHibernateAccessException(HibernateTransactionManager.java:755)
	at org.springframework.orm.hibernate5.HibernateTransactionManager.doCommit(HibernateTransactionManager.java:594)
	at org.springframework.transaction.support.AbstractPlatformTransactionManager.processCommit(AbstractPlatformTransactionManager.java:761)
	at org.springframework.transaction.support.AbstractPlatformTransactionManager.commit(AbstractPlatformTransactionManager.java:730)
	at org.springframework.transaction.interceptor.TransactionAspectSupport.commitTransactionAfterReturning(TransactionAspectSupport.java:483)
	at org.springframework.transaction.interceptor.TransactionAspectSupport.invokeWithinTransaction(TransactionAspectSupport.java:290)
	at org.springframework.transaction.interceptor.TransactionInterceptor.invoke(TransactionInterceptor.java:96)
	at org.springframework.aop.framework.ReflectiveMethodInvocation.proceed(ReflectiveMethodInvocation.java:179)
	at org.springframework.aop.framework.JdkDynamicAopProxy.invoke(JdkDynamicAopProxy.java:213)
	at com.sun.proxy.$Proxy39.deleteSupplier(Unknown Source)
	at com.ecommerce.quickart.test.SupplierTestCase.deleteSupplierTestCase(SupplierTestCase.java:66)
	at sun.reflect.NativeMethodAccessorImpl.invoke0(Native Method)
	at sun.reflect.NativeMethodAccessorImpl.invoke(NativeMethodAccessorImpl.java:62)
	at sun.reflect.DelegatingMethodAccessorImpl.invoke(DelegatingMethodAccessorImpl.java:43)
	at java.lang.reflect.Method.invoke(Method.java:498)
	at org.junit.internal.runners.TestMethod.invoke(TestMethod.java:59)
	at org.junit.internal.runners.MethodRoadie.runTestMethod(MethodRoadie.java:98)
	at org.junit.internal.runners.MethodRoadie$2.run(MethodRoadie.java:79)
	at org.junit.internal.runners.MethodRoadie.runBeforesThenTestThenAfters(MethodRoadie.java:87)
	at org.junit.internal.runners.MethodRoadie.runTest(MethodRoadie.java:77)
	at org.junit.internal.runners.MethodRoadie.run(MethodRoadie.java:42)
	at org.junit.internal.runners.JUnit4ClassRunner.invokeTestMethod(JUnit4ClassRunner.java:88)
	at org.junit.internal.runners.JUnit4ClassRunner.runMethods(JUnit4ClassRunner.java:51)
	at org.junit.internal.runners.JUnit4ClassRunner$1.run(JUnit4ClassRunner.java:44)
	at org.junit.internal.runners.ClassRoadie.runUnprotected(ClassRoadie.java:27)
	at org.junit.internal.runners.ClassRoadie.runProtected(ClassRoadie.java:37)
	at org.junit.internal.runners.JUnit4ClassRunner.run(JUnit4ClassRunner.java:42)
	at org.apache.maven.surefire.junit4.JUnit4Provider.execute(JUnit4Provider.java:252)
	at org.apache.maven.surefire.junit4.JUnit4Provider.executeTestSet(JUnit4Provider.java:141)
	at org.apache.maven.surefire.junit4.JUnit4Provider.invoke(JUnit4Provider.java:112)
	at sun.reflect.NativeMethodAccessorImpl.invoke0(Native Method)
	at sun.reflect.NativeMethodAccessorImpl.invoke(NativeMethodAccessorImpl.java:62)
	at sun.reflect.DelegatingMethodAccessorImpl.invoke(DelegatingMethodAccessorImpl.java:43)
	at java.lang.reflect.Method.invoke(Method.java:498)
	at org.apache.maven.surefire.util.ReflectionUtils.invokeMethodWithArray(ReflectionUtils.java:189)
	at org.apache.maven.surefire.booter.ProviderFactory$ProviderProxy.invoke(ProviderFactory.java:165)
	at org.apache.maven.surefire.booter.ProviderFactory.invokeProvider(ProviderFactory.java:85)
	at org.apache.maven.surefire.booter.ForkedBooter.runSuitesInProcess(ForkedBooter.java:115)
	at org.apache.maven.surefire.booter.ForkedBooter.main(ForkedBooter.java:75)
Caused by: org.hibernate.exception.ConstraintViolationException: could not execute statement
	at org.hibernate.exception.internal.SQLStateConversionDelegate.convert(SQLStateConversionDelegate.java:112)
	at org.hibernate.exception.internal.StandardSQLExceptionConverter.convert(StandardSQLExceptionConverter.java:42)
	at org.hibernate.engine.jdbc.spi.SqlExceptionHelper.convert(SqlExceptionHelper.java:111)
	at org.hibernate.engine.jdbc.spi.SqlExceptionHelper.convert(SqlExceptionHelper.java:97)
	at org.hibernate.engine.jdbc.internal.ResultSetReturnImpl.executeUpdate(ResultSetReturnImpl.java:207)
	at org.hibernate.engine.jdbc.batch.internal.NonBatchingBatch.addToBatch(NonBatchingBatch.java:45)
	at org.hibernate.persister.entity.AbstractEntityPersister.delete(AbstractEntityPersister.java:3246)
	at org.hibernate.persister.entity.AbstractEntityPersister.delete(AbstractEntityPersister.java:3483)
	at org.hibernate.action.internal.EntityDeleteAction.execute(EntityDeleteAction.java:99)
	at org.hibernate.engine.spi.ActionQueue.executeActions(ActionQueue.java:582)
	at org.hibernate.engine.spi.ActionQueue.executeActions(ActionQueue.java:456)
	at org.hibernate.event.internal.AbstractFlushingEventListener.performExecutions(AbstractFlushingEventListener.java:337)
	at org.hibernate.event.internal.DefaultFlushEventListener.onFlush(DefaultFlushEventListener.java:39)
	at org.hibernate.internal.SessionImpl.doFlush(SessionImpl.java:1405)
	at org.hibernate.internal.SessionImpl.managedFlush(SessionImpl.java:475)
	at org.hibernate.internal.SessionImpl.flushBeforeTransactionCompletion(SessionImpl.java:3168)
	at org.hibernate.internal.SessionImpl.beforeTransactionCompletion(SessionImpl.java:2382)
	at org.hibernate.engine.jdbc.internal.JdbcCoordinatorImpl.beforeTransactionCompletion(JdbcCoordinatorImpl.java:467)
	at org.hibernate.resource.transaction.backend.jdbc.internal.JdbcResourceLocalTransactionCoordinatorImpl.beforeCompletionCallback(JdbcResourceLocalTransactionCoordinatorImpl.java:146)
	at org.hibernate.resource.transaction.backend.jdbc.internal.JdbcResourceLocalTransactionCoordinatorImpl.access$100(JdbcResourceLocalTransactionCoordinatorImpl.java:38)
	at org.hibernate.resource.transaction.backend.jdbc.internal.JdbcResourceLocalTransactionCoordinatorImpl$TransactionDriverControlImpl.commit(JdbcResourceLocalTransactionCoordinatorImpl.java:220)
	at org.hibernate.engine.transaction.internal.TransactionImpl.commit(TransactionImpl.java:68)
	at org.springframework.orm.hibernate5.HibernateTransactionManager.doCommit(HibernateTransactionManager.java:582)
	... 37 more
Caused by: org.h2.jdbc.JdbcSQLException: Referential integrity constraint violation: &quot;FK3XUERUFK83LLF0QPEE8TXNBUU: PUBLIC.PRODUCT FOREIGN KEY(SUPPLIERID) REFERENCES PUBLIC.SUPPLIER(SUPPLIERID) (303)&quot;; SQL statement:
delete from SUPPLIER where supplierId=? [23503-176]
	at org.h2.message.DbException.getJdbcSQLException(DbException.java:344)
	at org.h2.message.DbException.get(DbException.java:178)
	at org.h2.message.DbException.get(DbException.java:154)
	at org.h2.constraint.ConstraintReferential.checkRow(ConstraintReferential.java:427)
	at org.h2.constraint.ConstraintReferential.checkRowRefTable(ConstraintReferential.java:444)
	at org.h2.constraint.ConstraintReferential.checkRow(ConstraintReferential.java:319)
	at org.h2.table.Table.fireConstraints(Table.java:909)
	at org.h2.table.Table.fireAfterRow(Table.java:927)
	at org.h2.command.dml.Delete.update(Delete.java:101)
	at org.h2.command.CommandContainer.update(CommandContainer.java:79)
	at org.h2.command.Command.executeUpdate(Command.java:254)
	at org.h2.server.TcpServerThread.process(TcpServerThread.java:346)
	at org.h2.server.TcpServerThread.run(TcpServerThread.java:160)
	at java.lang.Thread.run(Unknown Source)

	at org.h2.engine.SessionRemote.done(SessionRemote.java:624)
	at org.h2.command.CommandRemote.executeUpdate(CommandRemote.java:191)
	at org.h2.jdbc.JdbcPreparedStatement.executeUpdateInternal(JdbcPreparedStatement.java:160)
	at org.h2.jdbc.JdbcPreparedStatement.executeUpdate(JdbcPreparedStatement.java:146)
	at org.apache.commons.dbcp.DelegatingPreparedStatement.executeUpdate(DelegatingPreparedStatement.java:102)
	at org.hibernate.engine.jdbc.internal.ResultSetReturnImpl.executeUpdate(ResultSetReturnImpl.java:204)
	... 55 more
</error>
    <system-out>Hibernate: 
    select
        supplier0_.supplierId as supplier1_3_,
        supplier0_.supplierAddress as supplier2_3_,
        supplier0_.supplierName as supplier3_3_ 
    from
        SUPPLIER supplier0_ 
    where
        supplier0_.supplierId=&apos;303&apos;
Hibernate: 
    select
        products0_.supplierId as supplier7_2_0_,
        products0_.productId as productI1_2_0_,
        products0_.productId as productI1_2_1_,
        products0_.categoryId as category6_2_1_,
        products0_.description as descript2_2_1_,
        products0_.price as price3_2_1_,
        products0_.productName as productN4_2_1_,
        products0_.quantity as quantity5_2_1_,
        products0_.supplierId as supplier7_2_1_,
        category1_.categoryId as category1_1_2_,
        category1_.categoryName as category2_1_2_,
        category1_.description as descript3_1_2_ 
    from
        PRODUCT products0_ 
    inner join
        Category category1_ 
            on products0_.categoryId=category1_.categoryId 
    where
        products0_.supplierId=?
Hibernate: 
    select
        products0_.categoryId as category6_2_0_,
        products0_.productId as productI1_2_0_,
        products0_.productId as productI1_2_1_,
        products0_.categoryId as category6_2_1_,
        products0_.description as descript2_2_1_,
        products0_.price as price3_2_1_,
        products0_.productName as productN4_2_1_,
        products0_.quantity as quantity5_2_1_,
        products0_.supplierId as supplier7_2_1_,
        supplier1_.supplierId as supplier1_3_2_,
        supplier1_.supplierAddress as supplier2_3_2_,
        supplier1_.supplierName as supplier3_3_2_ 
    from
        PRODUCT products0_ 
    inner join
        SUPPLIER supplier1_ 
            on products0_.supplierId=supplier1_.supplierId 
    where
        products0_.categoryId=?
Hibernate: 
    delete 
    from
        SUPPLIER 
    where
        supplierId=?
</system-out>
    <system-err>Oct 06, 2016 2:19:07 PM org.springframework.context.annotation.AnnotationConfigApplicationContext prepareRefresh
INFO: Refreshing org.springframework.context.annotation.AnnotationConfigApplicationContext@56399b9e: startup date [Thu Oct 06 14:19:07 IST 2016]; root of context hierarchy
Oct 06, 2016 2:19:07 PM org.springframework.beans.factory.annotation.AutowiredAnnotationBeanPostProcessor &lt;init&gt;
INFO: JSR-330 &apos;javax.inject.Inject&apos; annotation found and supported for autowiring
Oct 06, 2016 2:19:07 PM org.hibernate.dialect.Dialect &lt;init&gt;
INFO: HHH000400: Using dialect: org.hibernate.dialect.H2Dialect
Oct 06, 2016 2:19:07 PM org.springframework.orm.hibernate5.HibernateTransactionManager afterPropertiesSet
INFO: Using DataSource [org.apache.commons.dbcp.BasicDataSource@557a84fe] of Hibernate SessionFactory for HibernateTransactionManager
Oct 06, 2016 2:19:07 PM org.hibernate.hql.internal.QueryTranslatorFactoryInitiator initiateService
INFO: HHH000397: Using ASTQueryTranslatorFactory
Oct 06, 2016 2:19:07 PM org.hibernate.engine.jdbc.spi.SqlExceptionHelper logExceptions
WARN: SQL Error: 23503, SQLState: 23503
Oct 06, 2016 2:19:07 PM org.hibernate.engine.jdbc.spi.SqlExceptionHelper logExceptions
ERROR: Referential integrity constraint violation: &quot;FK3XUERUFK83LLF0QPEE8TXNBUU: PUBLIC.PRODUCT FOREIGN KEY(SUPPLIERID) REFERENCES PUBLIC.SUPPLIER(SUPPLIERID) (303)&quot;; SQL statement:
delete from SUPPLIER where supplierId=? [23503-191]
Oct 06, 2016 2:19:07 PM org.hibernate.engine.jdbc.batch.internal.AbstractBatchImpl release
INFO: HHH000010: On release of batch it still contained JDBC statements
Oct 06, 2016 2:19:07 PM org.hibernate.internal.ExceptionMapperStandardImpl mapManagedFlushFailure
ERROR: HHH000346: Error during managed flush [org.hibernate.exception.ConstraintViolationException: could not execute statement]
</system-err>
  </testcase>
  <testcase classname="com.ecommerce.quickart.test.SupplierTestCase" name="getSupplierTestCase" time="0.284">
    <failure message="Get Supplier expected:&lt;[Samitha Singh]&gt; but was:&lt;[Manoj]&gt;" type="junit.framework.ComparisonFailure">junit.framework.ComparisonFailure: Get Supplier expected:&lt;[Samitha Singh]&gt; but was:&lt;[Manoj]&gt;
	at junit.framework.Assert.assertEquals(Assert.java:81)
	at com.ecommerce.quickart.test.SupplierTestCase.getSupplierTestCase(SupplierTestCase.java:54)
	at sun.reflect.NativeMethodAccessorImpl.invoke0(Native Method)
	at sun.reflect.NativeMethodAccessorImpl.invoke(NativeMethodAccessorImpl.java:62)
	at sun.reflect.DelegatingMethodAccessorImpl.invoke(DelegatingMethodAccessorImpl.java:43)
	at java.lang.reflect.Method.invoke(Method.java:498)
	at org.junit.internal.runners.TestMethod.invoke(TestMethod.java:59)
	at org.junit.internal.runners.MethodRoadie.runTestMethod(MethodRoadie.java:98)
	at org.junit.internal.runners.MethodRoadie$2.run(MethodRoadie.java:79)
	at org.junit.internal.runners.MethodRoadie.runBeforesThenTestThenAfters(MethodRoadie.java:87)
	at org.junit.internal.runners.MethodRoadie.runTest(MethodRoadie.java:77)
	at org.junit.internal.runners.MethodRoadie.run(MethodRoadie.java:42)
	at org.junit.internal.runners.JUnit4ClassRunner.invokeTestMethod(JUnit4ClassRunner.java:88)
	at org.junit.internal.runners.JUnit4ClassRunner.runMethods(JUnit4ClassRunner.java:51)
	at org.junit.internal.runners.JUnit4ClassRunner$1.run(JUnit4ClassRunner.java:44)
	at org.junit.internal.runners.ClassRoadie.runUnprotected(ClassRoadie.java:27)
	at org.junit.internal.runners.ClassRoadie.runProtected(ClassRoadie.java:37)
	at org.junit.internal.runners.JUnit4ClassRunner.run(JUnit4ClassRunner.java:42)
	at org.apache.maven.surefire.junit4.JUnit4Provider.execute(JUnit4Provider.java:252)
	at org.apache.maven.surefire.junit4.JUnit4Provider.executeTestSet(JUnit4Provider.java:141)
	at org.apache.maven.surefire.junit4.JUnit4Provider.invoke(JUnit4Provider.java:112)
	at sun.reflect.NativeMethodAccessorImpl.invoke0(Native Method)
	at sun.reflect.NativeMethodAccessorImpl.invoke(NativeMethodAccessorImpl.java:62)
	at sun.reflect.DelegatingMethodAccessorImpl.invoke(DelegatingMethodAccessorImpl.java:43)
	at java.lang.reflect.Method.invoke(Method.java:498)
	at org.apache.maven.surefire.util.ReflectionUtils.invokeMethodWithArray(ReflectionUtils.java:189)
	at org.apache.maven.surefire.booter.ProviderFactory$ProviderProxy.invoke(ProviderFactory.java:165)
	at org.apache.maven.surefire.booter.ProviderFactory.invokeProvider(ProviderFactory.java:85)
	at org.apache.maven.surefire.booter.ForkedBooter.runSuitesInProcess(ForkedBooter.java:115)
	at org.apache.maven.surefire.booter.ForkedBooter.main(ForkedBooter.java:75)
</failure>
    <system-out>Hibernate: 
    select
        supplier0_.supplierId as supplier1_3_,
        supplier0_.supplierAddress as supplier2_3_,
        supplier0_.supplierName as supplier3_3_ 
    from
        SUPPLIER supplier0_ 
    where
        supplier0_.supplierId=&apos;303&apos;
Hibernate: 
    select
        products0_.supplierId as supplier7_2_0_,
        products0_.productId as productI1_2_0_,
        products0_.productId as productI1_2_1_,
        products0_.categoryId as category6_2_1_,
        products0_.description as descript2_2_1_,
        products0_.price as price3_2_1_,
        products0_.productName as productN4_2_1_,
        products0_.quantity as quantity5_2_1_,
        products0_.supplierId as supplier7_2_1_,
        category1_.categoryId as category1_1_2_,
        category1_.categoryName as category2_1_2_,
        category1_.description as descript3_1_2_ 
    from
        PRODUCT products0_ 
    inner join
        Category category1_ 
            on products0_.categoryId=category1_.categoryId 
    where
        products0_.supplierId=?
Hibernate: 
    select
        products0_.categoryId as category6_2_0_,
        products0_.productId as productI1_2_0_,
        products0_.productId as productI1_2_1_,
        products0_.categoryId as category6_2_1_,
        products0_.description as descript2_2_1_,
        products0_.price as price3_2_1_,
        products0_.productName as productN4_2_1_,
        products0_.quantity as quantity5_2_1_,
        products0_.supplierId as supplier7_2_1_,
        supplier1_.supplierId as supplier1_3_2_,
        supplier1_.supplierAddress as supplier2_3_2_,
        supplier1_.supplierName as supplier3_3_2_ 
    from
        PRODUCT products0_ 
    inner join
        SUPPLIER supplier1_ 
            on products0_.supplierId=supplier1_.supplierId 
    where
        products0_.categoryId=?
</system-out>
    <system-err>Oct 06, 2016 2:19:08 PM org.springframework.context.annotation.AnnotationConfigApplicationContext prepareRefresh
INFO: Refreshing org.springframework.context.annotation.AnnotationConfigApplicationContext@5a8c93: startup date [Thu Oct 06 14:19:08 IST 2016]; root of context hierarchy
Oct 06, 2016 2:19:08 PM org.springframework.beans.factory.annotation.AutowiredAnnotationBeanPostProcessor &lt;init&gt;
INFO: JSR-330 &apos;javax.inject.Inject&apos; annotation found and supported for autowiring
Oct 06, 2016 2:19:08 PM org.hibernate.dialect.Dialect &lt;init&gt;
INFO: HHH000400: Using dialect: org.hibernate.dialect.H2Dialect
Oct 06, 2016 2:19:08 PM org.springframework.orm.hibernate5.HibernateTransactionManager afterPropertiesSet
INFO: Using DataSource [org.apache.commons.dbcp.BasicDataSource@21da4b5f] of Hibernate SessionFactory for HibernateTransactionManager
Oct 06, 2016 2:19:08 PM org.hibernate.hql.internal.QueryTranslatorFactoryInitiator initiateService
INFO: HHH000397: Using ASTQueryTranslatorFactory
</system-err>
  </testcase>
  <testcase classname="com.ecommerce.quickart.test.SupplierTestCase" name="listSupplierTestCase" time="0.237"/>
  <testcase classname="com.ecommerce.quickart.test.SupplierTestCase" name="createSupplierTestCase" time="0.315">
    <error message="could not execute statement; SQL [n/a]; constraint [&quot;PRIMARY KEY ON PUBLIC.SUPPLIER(SUPPLIERID)&quot;; SQL statement:
insert into SUPPLIER (supplierAddress, supplierName, supplierId) values (?, ?, ?) [23505-191]]; nested exception is org.hibernate.exception.ConstraintViolationException: could not execute statement" type="org.springframework.dao.DataIntegrityViolationException">org.springframework.dao.DataIntegrityViolationException: could not execute statement; SQL [n/a]; constraint [&quot;PRIMARY KEY ON PUBLIC.SUPPLIER(SUPPLIERID)&quot;; SQL statement:
insert into SUPPLIER (supplierAddress, supplierName, supplierId) values (?, ?, ?) [23505-191]]; nested exception is org.hibernate.exception.ConstraintViolationException: could not execute statement
	at org.springframework.orm.hibernate5.SessionFactoryUtils.convertHibernateAccessException(SessionFactoryUtils.java:241)
	at org.springframework.orm.hibernate5.HibernateTransactionManager.convertHibernateAccessException(HibernateTransactionManager.java:755)
	at org.springframework.orm.hibernate5.HibernateTransactionManager.doCommit(HibernateTransactionManager.java:594)
	at org.springframework.transaction.support.AbstractPlatformTransactionManager.processCommit(AbstractPlatformTransactionManager.java:761)
	at org.springframework.transaction.support.AbstractPlatformTransactionManager.commit(AbstractPlatformTransactionManager.java:730)
	at org.springframework.transaction.interceptor.TransactionAspectSupport.commitTransactionAfterReturning(TransactionAspectSupport.java:483)
	at org.springframework.transaction.interceptor.TransactionAspectSupport.invokeWithinTransaction(TransactionAspectSupport.java:290)
	at org.springframework.transaction.interceptor.TransactionInterceptor.invoke(TransactionInterceptor.java:96)
	at org.springframework.aop.framework.ReflectiveMethodInvocation.proceed(ReflectiveMethodInvocation.java:179)
	at org.springframework.aop.framework.JdkDynamicAopProxy.invoke(JdkDynamicAopProxy.java:213)
	at com.sun.proxy.$Proxy39.saveSupplier(Unknown Source)
	at com.ecommerce.quickart.test.SupplierTestCase.createSupplierTestCase(SupplierTestCase.java:37)
	at sun.reflect.NativeMethodAccessorImpl.invoke0(Native Method)
	at sun.reflect.NativeMethodAccessorImpl.invoke(NativeMethodAccessorImpl.java:62)
	at sun.reflect.DelegatingMethodAccessorImpl.invoke(DelegatingMethodAccessorImpl.java:43)
	at java.lang.reflect.Method.invoke(Method.java:498)
	at org.junit.internal.runners.TestMethod.invoke(TestMethod.java:59)
	at org.junit.internal.runners.MethodRoadie.runTestMethod(MethodRoadie.java:98)
	at org.junit.internal.runners.MethodRoadie$2.run(MethodRoadie.java:79)
	at org.junit.internal.runners.MethodRoadie.runBeforesThenTestThenAfters(MethodRoadie.java:87)
	at org.junit.internal.runners.MethodRoadie.runTest(MethodRoadie.java:77)
	at org.junit.internal.runners.MethodRoadie.run(MethodRoadie.java:42)
	at org.junit.internal.runners.JUnit4ClassRunner.invokeTestMethod(JUnit4ClassRunner.java:88)
	at org.junit.internal.runners.JUnit4ClassRunner.runMethods(JUnit4ClassRunner.java:51)
	at org.junit.internal.runners.JUnit4ClassRunner$1.run(JUnit4ClassRunner.java:44)
	at org.junit.internal.runners.ClassRoadie.runUnprotected(ClassRoadie.java:27)
	at org.junit.internal.runners.ClassRoadie.runProtected(ClassRoadie.java:37)
	at org.junit.internal.runners.JUnit4ClassRunner.run(JUnit4ClassRunner.java:42)
	at org.apache.maven.surefire.junit4.JUnit4Provider.execute(JUnit4Provider.java:252)
	at org.apache.maven.surefire.junit4.JUnit4Provider.executeTestSet(JUnit4Provider.java:141)
	at org.apache.maven.surefire.junit4.JUnit4Provider.invoke(JUnit4Provider.java:112)
	at sun.reflect.NativeMethodAccessorImpl.invoke0(Native Method)
	at sun.reflect.NativeMethodAccessorImpl.invoke(NativeMethodAccessorImpl.java:62)
	at sun.reflect.DelegatingMethodAccessorImpl.invoke(DelegatingMethodAccessorImpl.java:43)
	at java.lang.reflect.Method.invoke(Method.java:498)
	at org.apache.maven.surefire.util.ReflectionUtils.invokeMethodWithArray(ReflectionUtils.java:189)
	at org.apache.maven.surefire.booter.ProviderFactory$ProviderProxy.invoke(ProviderFactory.java:165)
	at org.apache.maven.surefire.booter.ProviderFactory.invokeProvider(ProviderFactory.java:85)
	at org.apache.maven.surefire.booter.ForkedBooter.runSuitesInProcess(ForkedBooter.java:115)
	at org.apache.maven.surefire.booter.ForkedBooter.main(ForkedBooter.java:75)
Caused by: org.hibernate.exception.ConstraintViolationException: could not execute statement
	at org.hibernate.exception.internal.SQLStateConversionDelegate.convert(SQLStateConversionDelegate.java:112)
	at org.hibernate.exception.internal.StandardSQLExceptionConverter.convert(StandardSQLExceptionConverter.java:42)
	at org.hibernate.engine.jdbc.spi.SqlExceptionHelper.convert(SqlExceptionHelper.java:111)
	at org.hibernate.engine.jdbc.spi.SqlExceptionHelper.convert(SqlExceptionHelper.java:97)
	at org.hibernate.engine.jdbc.internal.ResultSetReturnImpl.executeUpdate(ResultSetReturnImpl.java:207)
	at org.hibernate.engine.jdbc.batch.internal.NonBatchingBatch.addToBatch(NonBatchingBatch.java:45)
	at org.hibernate.persister.entity.AbstractEntityPersister.insert(AbstractEntityPersister.java:2934)
	at org.hibernate.persister.entity.AbstractEntityPersister.insert(AbstractEntityPersister.java:3434)
	at org.hibernate.action.internal.EntityInsertAction.execute(EntityInsertAction.java:89)
	at org.hibernate.engine.spi.ActionQueue.executeActions(ActionQueue.java:582)
	at org.hibernate.engine.spi.ActionQueue.executeActions(ActionQueue.java:456)
	at org.hibernate.event.internal.AbstractFlushingEventListener.performExecutions(AbstractFlushingEventListener.java:337)
	at org.hibernate.event.internal.DefaultFlushEventListener.onFlush(DefaultFlushEventListener.java:39)
	at org.hibernate.internal.SessionImpl.doFlush(SessionImpl.java:1405)
	at org.hibernate.internal.SessionImpl.managedFlush(SessionImpl.java:475)
	at org.hibernate.internal.SessionImpl.flushBeforeTransactionCompletion(SessionImpl.java:3168)
	at org.hibernate.internal.SessionImpl.beforeTransactionCompletion(SessionImpl.java:2382)
	at org.hibernate.engine.jdbc.internal.JdbcCoordinatorImpl.beforeTransactionCompletion(JdbcCoordinatorImpl.java:467)
	at org.hibernate.resource.transaction.backend.jdbc.internal.JdbcResourceLocalTransactionCoordinatorImpl.beforeCompletionCallback(JdbcResourceLocalTransactionCoordinatorImpl.java:146)
	at org.hibernate.resource.transaction.backend.jdbc.internal.JdbcResourceLocalTransactionCoordinatorImpl.access$100(JdbcResourceLocalTransactionCoordinatorImpl.java:38)
	at org.hibernate.resource.transaction.backend.jdbc.internal.JdbcResourceLocalTransactionCoordinatorImpl$TransactionDriverControlImpl.commit(JdbcResourceLocalTransactionCoordinatorImpl.java:220)
	at org.hibernate.engine.transaction.internal.TransactionImpl.commit(TransactionImpl.java:68)
	at org.springframework.orm.hibernate5.HibernateTransactionManager.doCommit(HibernateTransactionManager.java:582)
	... 37 more
Caused by: org.h2.jdbc.JdbcSQLException: Unique index or primary key violation: &quot;PRIMARY KEY ON PUBLIC.SUPPLIER(SUPPLIERID)&quot;; SQL statement:
insert into SUPPLIER (supplierAddress, supplierName, supplierId) values (?, ?, ?) [23505-176]
	at org.h2.message.DbException.getJdbcSQLException(DbException.java:344)
	at org.h2.message.DbException.get(DbException.java:178)
	at org.h2.message.DbException.get(DbException.java:154)
	at org.h2.index.PageDataIndex.getNewDuplicateKeyException(PageDataIndex.java:166)
	at org.h2.index.PageDataIndex.add(PageDataIndex.java:144)
	at org.h2.table.RegularTable.addRow(RegularTable.java:120)
	at org.h2.command.dml.Insert.insertRows(Insert.java:157)
	at org.h2.command.dml.Insert.update(Insert.java:115)
	at org.h2.command.CommandContainer.update(CommandContainer.java:79)
	at org.h2.command.Command.executeUpdate(Command.java:254)
	at org.h2.server.TcpServerThread.process(TcpServerThread.java:346)
	at org.h2.server.TcpServerThread.run(TcpServerThread.java:160)
	at java.lang.Thread.run(Unknown Source)

	at org.h2.engine.SessionRemote.done(SessionRemote.java:624)
	at org.h2.command.CommandRemote.executeUpdate(CommandRemote.java:191)
	at org.h2.jdbc.JdbcPreparedStatement.executeUpdateInternal(JdbcPreparedStatement.java:160)
	at org.h2.jdbc.JdbcPreparedStatement.executeUpdate(JdbcPreparedStatement.java:146)
	at org.apache.commons.dbcp.DelegatingPreparedStatement.executeUpdate(DelegatingPreparedStatement.java:102)
	at org.hibernate.engine.jdbc.internal.ResultSetReturnImpl.executeUpdate(ResultSetReturnImpl.java:204)
	... 55 more
</error>
    <system-out>Hibernate: 
    insert 
    into
        SUPPLIER
        (supplierAddress, supplierName, supplierId) 
    values
        (?, ?, ?)
</system-out>
    <system-err>Oct 06, 2016 2:19:08 PM org.springframework.context.annotation.AnnotationConfigApplicationContext prepareRefresh
INFO: Refreshing org.springframework.context.annotation.AnnotationConfigApplicationContext@45545e7a: startup date [Thu Oct 06 14:19:08 IST 2016]; root of context hierarchy
Oct 06, 2016 2:19:08 PM org.springframework.beans.factory.annotation.AutowiredAnnotationBeanPostProcessor &lt;init&gt;
INFO: JSR-330 &apos;javax.inject.Inject&apos; annotation found and supported for autowiring
Oct 06, 2016 2:19:08 PM org.hibernate.dialect.Dialect &lt;init&gt;
INFO: HHH000400: Using dialect: org.hibernate.dialect.H2Dialect
Oct 06, 2016 2:19:08 PM org.springframework.orm.hibernate5.HibernateTransactionManager afterPropertiesSet
INFO: Using DataSource [org.apache.commons.dbcp.BasicDataSource@1ddc6db2] of Hibernate SessionFactory for HibernateTransactionManager
Oct 06, 2016 2:19:08 PM org.hibernate.engine.jdbc.spi.SqlExceptionHelper logExceptions
WARN: SQL Error: 23505, SQLState: 23505
Oct 06, 2016 2:19:08 PM org.hibernate.engine.jdbc.spi.SqlExceptionHelper logExceptions
ERROR: Unique index or primary key violation: &quot;PRIMARY KEY ON PUBLIC.SUPPLIER(SUPPLIERID)&quot;; SQL statement:
insert into SUPPLIER (supplierAddress, supplierName, supplierId) values (?, ?, ?) [23505-191]
Oct 06, 2016 2:19:08 PM org.hibernate.engine.jdbc.batch.internal.AbstractBatchImpl release
INFO: HHH000010: On release of batch it still contained JDBC statements
Oct 06, 2016 2:19:08 PM org.hibernate.internal.ExceptionMapperStandardImpl mapManagedFlushFailure
ERROR: HHH000346: Error during managed flush [org.hibernate.exception.ConstraintViolationException: could not execute statement]
</system-err>
  </testcase>
</testsuite>